/home/adavari/python-installation/ENTER/lib/python3.7/site-packages/keras/utils/data_utils.py:610: UserWarning: The input 0 could not be retrieved. It could be because a worker has died.
  UserWarning)
/home/adavari/python-installation/ENTER/lib/python3.7/site-packages/keras/utils/data_utils.py:610: UserWarning: The input 24 could not be retrieved. It could be because a worker has died.
  UserWarning)
/home/adavari/python-installation/ENTER/lib/python3.7/site-packages/keras/utils/data_utils.py:610: UserWarning: The input 37 could not be retrieved. It could be because a worker has died.
  UserWarning)
/home/adavari/python-installation/ENTER/lib/python3.7/site-packages/keras/utils/data_utils.py:610: UserWarning: The input 53 could not be retrieved. It could be because a worker has died.
  UserWarning)
/home/adavari/python-installation/ENTER/lib/python3.7/site-packages/keras/utils/data_utils.py:610: UserWarning: The input 66 could not be retrieved. It could be because a worker has died.
  UserWarning)
/home/adavari/python-installation/ENTER/lib/python3.7/site-packages/keras/utils/data_utils.py:610: UserWarning: The input 85 could not be retrieved. It could be because a worker has died.
  UserWarning)
/home/adavari/python-installation/ENTER/lib/python3.7/site-packages/keras/utils/data_utils.py:610: UserWarning: The input 100 could not be retrieved. It could be because a worker has died.
  UserWarning)
/home/adavari/python-installation/ENTER/lib/python3.7/site-packages/keras/utils/data_utils.py:610: UserWarning: The input 153 could not be retrieved. It could be because a worker has died.
  UserWarning)
/home/adavari/python-installation/ENTER/lib/python3.7/site-packages/keras/utils/data_utils.py:610: UserWarning: The input 171 could not be retrieved. It could be because a worker has died.
  UserWarning)
/home/adavari/python-installation/ENTER/lib/python3.7/site-packages/keras/utils/data_utils.py:610: UserWarning: The input 179 could not be retrieved. It could be because a worker has died.
  UserWarning)
/home/adavari/python-installation/ENTER/lib/python3.7/site-packages/keras/utils/data_utils.py:610: UserWarning: The input 193 could not be retrieved. It could be because a worker has died.
  UserWarning)
/home/adavari/python-installation/ENTER/lib/python3.7/site-packages/keras/utils/data_utils.py:610: UserWarning: The input 207 could not be retrieved. It could be because a worker has died.
  UserWarning)
/home/adavari/python-installation/ENTER/lib/python3.7/site-packages/keras/utils/data_utils.py:610: UserWarning: The input 225 could not be retrieved. It could be because a worker has died.
  UserWarning)
/home/adavari/python-installation/ENTER/lib/python3.7/site-packages/keras/utils/data_utils.py:610: UserWarning: The input 237 could not be retrieved. It could be because a worker has died.
  UserWarning)
/home/adavari/python-installation/ENTER/lib/python3.7/site-packages/keras/utils/data_utils.py:610: UserWarning: The input 252 could not be retrieved. It could be because a worker has died.
  UserWarning)
/home/adavari/python-installation/ENTER/lib/python3.7/site-packages/keras/utils/data_utils.py:610: UserWarning: The input 270 could not be retrieved. It could be because a worker has died.
  UserWarning)
/home/adavari/python-installation/ENTER/lib/python3.7/site-packages/keras/utils/data_utils.py:610: UserWarning: The input 280 could not be retrieved. It could be because a worker has died.
  UserWarning)
/home/adavari/python-installation/ENTER/lib/python3.7/site-packages/keras/utils/data_utils.py:610: UserWarning: The input 302 could not be retrieved. It could be because a worker has died.
  UserWarning)
/home/adavari/python-installation/ENTER/lib/python3.7/site-packages/keras/utils/data_utils.py:610: UserWarning: The input 319 could not be retrieved. It could be because a worker has died.
  UserWarning)
/home/adavari/python-installation/ENTER/lib/python3.7/site-packages/keras/utils/data_utils.py:610: UserWarning: The input 350 could not be retrieved. It could be because a worker has died.
  UserWarning)
/home/adavari/python-installation/ENTER/lib/python3.7/site-packages/keras/utils/data_utils.py:610: UserWarning: The input 393 could not be retrieved. It could be because a worker has died.
  UserWarning)
/home/adavari/python-installation/ENTER/lib/python3.7/site-packages/keras/utils/data_utils.py:610: UserWarning: The input 403 could not be retrieved. It could be because a worker has died.
  UserWarning)
/home/adavari/python-installation/ENTER/lib/python3.7/site-packages/keras/utils/data_utils.py:610: UserWarning: The input 439 could not be retrieved. It could be because a worker has died.
  UserWarning)
/home/adavari/python-installation/ENTER/lib/python3.7/site-packages/keras/utils/data_utils.py:610: UserWarning: The input 469 could not be retrieved. It could be because a worker has died.
  UserWarning)
/home/adavari/python-installation/ENTER/lib/python3.7/site-packages/keras/utils/data_utils.py:610: UserWarning: The input 482 could not be retrieved. It could be because a worker has died.
  UserWarning)
Traceback (most recent call last):
  File "train_CAE.py", line 254, in <module>
    train_cae()
  File "train_CAE.py", line 202, in train_cae
    neg_x = feature_extraction(run.params['neg_x'], run=run, auto_encoder=auto_encoder, frac=0.2)
  File "/oasis/projects/nsf/brn113/adavari/Documents/GitHub/synthesizability-predictor/ver1/feature_extraction.py", line 13, in feature_extraction
    steps = len(generator)
TypeError: object of type 'NoneType' has no len()
/home/adavari/python-installation/ENTER/lib/python3.7/site-packages/keras/utils/data_utils.py:610: UserWarning: The input 0 could not be retrieved. It could be because a worker has died.
  UserWarning)
/home/adavari/python-installation/ENTER/lib/python3.7/site-packages/keras/utils/data_utils.py:610: UserWarning: The input 21 could not be retrieved. It could be because a worker has died.
  UserWarning)
/home/adavari/python-installation/ENTER/lib/python3.7/site-packages/keras/utils/data_utils.py:610: UserWarning: The input 37 could not be retrieved. It could be because a worker has died.
  UserWarning)
/home/adavari/python-installation/ENTER/lib/python3.7/site-packages/keras/utils/data_utils.py:610: UserWarning: The input 107 could not be retrieved. It could be because a worker has died.
  UserWarning)
/home/adavari/python-installation/ENTER/lib/python3.7/site-packages/keras/utils/data_utils.py:610: UserWarning: The input 155 could not be retrieved. It could be because a worker has died.
  UserWarning)
/home/adavari/python-installation/ENTER/lib/python3.7/site-packages/keras/utils/data_utils.py:610: UserWarning: The input 179 could not be retrieved. It could be because a worker has died.
  UserWarning)
/home/adavari/python-installation/ENTER/lib/python3.7/site-packages/keras/utils/data_utils.py:610: UserWarning: The input 207 could not be retrieved. It could be because a worker has died.
  UserWarning)
/home/adavari/python-installation/ENTER/lib/python3.7/site-packages/keras/utils/data_utils.py:610: UserWarning: The input 225 could not be retrieved. It could be because a worker has died.
  UserWarning)
/home/adavari/python-installation/ENTER/lib/python3.7/site-packages/keras/utils/data_utils.py:610: UserWarning: The input 252 could not be retrieved. It could be because a worker has died.
  UserWarning)
/home/adavari/python-installation/ENTER/lib/python3.7/site-packages/keras/utils/data_utils.py:610: UserWarning: The input 280 could not be retrieved. It could be because a worker has died.
  UserWarning)
/home/adavari/python-installation/ENTER/lib/python3.7/site-packages/keras/utils/data_utils.py:610: UserWarning: The input 306 could not be retrieved. It could be because a worker has died.
  UserWarning)
/home/adavari/python-installation/ENTER/lib/python3.7/site-packages/keras/utils/data_utils.py:610: UserWarning: The input 323 could not be retrieved. It could be because a worker has died.
  UserWarning)
/home/adavari/python-installation/ENTER/lib/python3.7/site-packages/keras/utils/data_utils.py:610: UserWarning: The input 350 could not be retrieved. It could be because a worker has died.
  UserWarning)
/home/adavari/python-installation/ENTER/lib/python3.7/site-packages/keras/utils/data_utils.py:610: UserWarning: The input 397 could not be retrieved. It could be because a worker has died.
  UserWarning)
/home/adavari/python-installation/ENTER/lib/python3.7/site-packages/keras/utils/data_utils.py:610: UserWarning: The input 469 could not be retrieved. It could be because a worker has died.
  UserWarning)
/home/adavari/python-installation/ENTER/lib/python3.7/site-packages/keras/utils/data_utils.py:610: UserWarning: The input 501 could not be retrieved. It could be because a worker has died.
  UserWarning)
/home/adavari/python-installation/ENTER/lib/python3.7/site-packages/keras/utils/data_utils.py:610: UserWarning: The input 519 could not be retrieved. It could be because a worker has died.
  UserWarning)
/home/adavari/python-installation/ENTER/lib/python3.7/site-packages/keras/utils/data_utils.py:610: UserWarning: The input 549 could not be retrieved. It could be because a worker has died.
  UserWarning)
/home/adavari/python-installation/ENTER/lib/python3.7/site-packages/keras/utils/data_utils.py:610: UserWarning: The input 625 could not be retrieved. It could be because a worker has died.
  UserWarning)
/home/adavari/python-installation/ENTER/lib/python3.7/site-packages/keras/utils/data_utils.py:610: UserWarning: The input 638 could not be retrieved. It could be because a worker has died.
  UserWarning)
/home/adavari/python-installation/ENTER/lib/python3.7/site-packages/keras/utils/data_utils.py:610: UserWarning: The input 655 could not be retrieved. It could be because a worker has died.
  UserWarning)
/home/adavari/python-installation/ENTER/lib/python3.7/site-packages/keras/utils/data_utils.py:610: UserWarning: The input 693 could not be retrieved. It could be because a worker has died.
  UserWarning)
/home/adavari/python-installation/ENTER/lib/python3.7/site-packages/keras/utils/data_utils.py:610: UserWarning: The input 723 could not be retrieved. It could be because a worker has died.
  UserWarning)
/home/adavari/python-installation/ENTER/lib/python3.7/site-packages/keras/utils/data_utils.py:610: UserWarning: The input 784 could not be retrieved. It could be because a worker has died.
  UserWarning)
/home/adavari/python-installation/ENTER/lib/python3.7/site-packages/keras/utils/data_utils.py:610: UserWarning: The input 800 could not be retrieved. It could be because a worker has died.
  UserWarning)
/home/adavari/python-installation/ENTER/lib/python3.7/site-packages/keras/utils/data_utils.py:610: UserWarning: The input 831 could not be retrieved. It could be because a worker has died.
  UserWarning)
/home/adavari/python-installation/ENTER/lib/python3.7/site-packages/keras/utils/data_utils.py:610: UserWarning: The input 850 could not be retrieved. It could be because a worker has died.
  UserWarning)
/home/adavari/python-installation/ENTER/lib/python3.7/site-packages/keras/utils/data_utils.py:610: UserWarning: The input 866 could not be retrieved. It could be because a worker has died.
  UserWarning)
/home/adavari/python-installation/ENTER/lib/python3.7/site-packages/keras/utils/data_utils.py:610: UserWarning: The input 895 could not be retrieved. It could be because a worker has died.
  UserWarning)
/home/adavari/python-installation/ENTER/lib/python3.7/site-packages/keras/utils/data_utils.py:610: UserWarning: The input 912 could not be retrieved. It could be because a worker has died.
  UserWarning)
/home/adavari/python-installation/ENTER/lib/python3.7/site-packages/keras/utils/data_utils.py:610: UserWarning: The input 962 could not be retrieved. It could be because a worker has died.
  UserWarning)
/home/adavari/python-installation/ENTER/lib/python3.7/site-packages/keras/utils/data_utils.py:610: UserWarning: The input 986 could not be retrieved. It could be because a worker has died.
  UserWarning)
/home/adavari/python-installation/ENTER/lib/python3.7/site-packages/keras/utils/data_utils.py:610: UserWarning: The input 1024 could not be retrieved. It could be because a worker has died.
  UserWarning)
/home/adavari/python-installation/ENTER/lib/python3.7/site-packages/keras/utils/data_utils.py:610: UserWarning: The input 1060 could not be retrieved. It could be because a worker has died.
  UserWarning)
/home/adavari/python-installation/ENTER/lib/python3.7/site-packages/keras/utils/data_utils.py:610: UserWarning: The input 1083 could not be retrieved. It could be because a worker has died.
  UserWarning)
/home/adavari/python-installation/ENTER/lib/python3.7/site-packages/keras/utils/data_utils.py:610: UserWarning: The input 1104 could not be retrieved. It could be because a worker has died.
  UserWarning)
/home/adavari/python-installation/ENTER/lib/python3.7/site-packages/keras/utils/data_utils.py:610: UserWarning: The input 1131 could not be retrieved. It could be because a worker has died.
  UserWarning)
/home/adavari/python-installation/ENTER/lib/python3.7/site-packages/keras/utils/data_utils.py:610: UserWarning: The input 1153 could not be retrieved. It could be because a worker has died.
  UserWarning)
/home/adavari/python-installation/ENTER/lib/python3.7/site-packages/keras/utils/data_utils.py:610: UserWarning: The input 1182 could not be retrieved. It could be because a worker has died.
  UserWarning)
/home/adavari/python-installation/ENTER/lib/python3.7/site-packages/keras/utils/data_utils.py:610: UserWarning: The input 1194 could not be retrieved. It could be because a worker has died.
  UserWarning)
/home/adavari/python-installation/ENTER/lib/python3.7/site-packages/keras/utils/data_utils.py:610: UserWarning: The input 1231 could not be retrieved. It could be because a worker has died.
  UserWarning)
/home/adavari/python-installation/ENTER/lib/python3.7/site-packages/keras/utils/data_utils.py:610: UserWarning: The input 1290 could not be retrieved. It could be because a worker has died.
  UserWarning)
/home/adavari/python-installation/ENTER/lib/python3.7/site-packages/keras/utils/data_utils.py:610: UserWarning: The input 1337 could not be retrieved. It could be because a worker has died.
  UserWarning)
/home/adavari/python-installation/ENTER/lib/python3.7/site-packages/keras/utils/data_utils.py:610: UserWarning: The input 1360 could not be retrieved. It could be because a worker has died.
  UserWarning)
/home/adavari/python-installation/ENTER/lib/python3.7/site-packages/keras/utils/data_utils.py:610: UserWarning: The input 1406 could not be retrieved. It could be because a worker has died.
  UserWarning)
/home/adavari/python-installation/ENTER/lib/python3.7/site-packages/keras/utils/data_utils.py:610: UserWarning: The input 1443 could not be retrieved. It could be because a worker has died.
  UserWarning)
/home/adavari/python-installation/ENTER/lib/python3.7/site-packages/keras/utils/data_utils.py:610: UserWarning: The input 1500 could not be retrieved. It could be because a worker has died.
  UserWarning)
/home/adavari/python-installation/ENTER/lib/python3.7/site-packages/keras/utils/data_utils.py:610: UserWarning: The input 1521 could not be retrieved. It could be because a worker has died.
  UserWarning)
/home/adavari/python-installation/ENTER/lib/python3.7/site-packages/keras/utils/data_utils.py:610: UserWarning: The input 1542 could not be retrieved. It could be because a worker has died.
  UserWarning)
/home/adavari/python-installation/ENTER/lib/python3.7/site-packages/keras/utils/data_utils.py:610: UserWarning: The input 1583 could not be retrieved. It could be because a worker has died.
  UserWarning)
/home/adavari/python-installation/ENTER/lib/python3.7/site-packages/keras/utils/data_utils.py:610: UserWarning: The input 1599 could not be retrieved. It could be because a worker has died.
  UserWarning)
/home/adavari/python-installation/ENTER/lib/python3.7/site-packages/keras/utils/data_utils.py:610: UserWarning: The input 1623 could not be retrieved. It could be because a worker has died.
  UserWarning)
/home/adavari/python-installation/ENTER/lib/python3.7/site-packages/keras/utils/data_utils.py:610: UserWarning: The input 1649 could not be retrieved. It could be because a worker has died.
  UserWarning)
/home/adavari/python-installation/ENTER/lib/python3.7/site-packages/keras/utils/data_utils.py:610: UserWarning: The input 1698 could not be retrieved. It could be because a worker has died.
  UserWarning)
/home/adavari/python-installation/ENTER/lib/python3.7/site-packages/keras/utils/data_utils.py:610: UserWarning: The input 1765 could not be retrieved. It could be because a worker has died.
  UserWarning)
/home/adavari/python-installation/ENTER/lib/python3.7/site-packages/keras/utils/data_utils.py:610: UserWarning: The input 1799 could not be retrieved. It could be because a worker has died.
  UserWarning)
/home/adavari/python-installation/ENTER/lib/python3.7/site-packages/keras/utils/data_utils.py:610: UserWarning: The input 1828 could not be retrieved. It could be because a worker has died.
  UserWarning)
/home/adavari/python-installation/ENTER/lib/python3.7/site-packages/keras/utils/data_utils.py:610: UserWarning: The input 1842 could not be retrieved. It could be because a worker has died.
  UserWarning)
/home/adavari/python-installation/ENTER/lib/python3.7/site-packages/keras/utils/data_utils.py:610: UserWarning: The input 1856 could not be retrieved. It could be because a worker has died.
  UserWarning)
/home/adavari/python-installation/ENTER/lib/python3.7/site-packages/keras/utils/data_utils.py:610: UserWarning: The input 1898 could not be retrieved. It could be because a worker has died.
  UserWarning)
/home/adavari/python-installation/ENTER/lib/python3.7/site-packages/keras/utils/data_utils.py:610: UserWarning: The input 1921 could not be retrieved. It could be because a worker has died.
  UserWarning)
/home/adavari/python-installation/ENTER/lib/python3.7/site-packages/keras/utils/data_utils.py:610: UserWarning: The input 1950 could not be retrieved. It could be because a worker has died.
  UserWarning)
/home/adavari/python-installation/ENTER/lib/python3.7/site-packages/keras/utils/data_utils.py:610: UserWarning: The input 1981 could not be retrieved. It could be because a worker has died.
  UserWarning)
/home/adavari/python-installation/ENTER/lib/python3.7/site-packages/keras/utils/data_utils.py:610: UserWarning: The input 2037 could not be retrieved. It could be because a worker has died.
  UserWarning)
/home/adavari/python-installation/ENTER/lib/python3.7/site-packages/keras/utils/data_utils.py:610: UserWarning: The input 2069 could not be retrieved. It could be because a worker has died.
  UserWarning)
/home/adavari/python-installation/ENTER/lib/python3.7/site-packages/keras/utils/data_utils.py:610: UserWarning: The input 2101 could not be retrieved. It could be because a worker has died.
  UserWarning)
/home/adavari/python-installation/ENTER/lib/python3.7/site-packages/keras/utils/data_utils.py:610: UserWarning: The input 2123 could not be retrieved. It could be because a worker has died.
  UserWarning)
/home/adavari/python-installation/ENTER/lib/python3.7/site-packages/keras/utils/data_utils.py:610: UserWarning: The input 2142 could not be retrieved. It could be because a worker has died.
  UserWarning)
/home/adavari/python-installation/ENTER/lib/python3.7/site-packages/keras/utils/data_utils.py:610: UserWarning: The input 2195 could not be retrieved. It could be because a worker has died.
  UserWarning)
/home/adavari/python-installation/ENTER/lib/python3.7/site-packages/keras/utils/data_utils.py:610: UserWarning: The input 2232 could not be retrieved. It could be because a worker has died.
  UserWarning)
/home/adavari/python-installation/ENTER/lib/python3.7/site-packages/keras/utils/data_utils.py:610: UserWarning: The input 2300 could not be retrieved. It could be because a worker has died.
  UserWarning)
/home/adavari/python-installation/ENTER/lib/python3.7/site-packages/keras/utils/data_utils.py:610: UserWarning: The input 2327 could not be retrieved. It could be because a worker has died.
  UserWarning)
/home/adavari/python-installation/ENTER/lib/python3.7/site-packages/keras/utils/data_utils.py:610: UserWarning: The input 2359 could not be retrieved. It could be because a worker has died.
  UserWarning)
/home/adavari/python-installation/ENTER/lib/python3.7/site-packages/keras/utils/data_utils.py:610: UserWarning: The input 2371 could not be retrieved. It could be because a worker has died.
  UserWarning)
/home/adavari/python-installation/ENTER/lib/python3.7/site-packages/keras/utils/data_utils.py:610: UserWarning: The input 2389 could not be retrieved. It could be because a worker has died.
  UserWarning)
/home/adavari/python-installation/ENTER/lib/python3.7/site-packages/keras/utils/data_utils.py:610: UserWarning: The input 2413 could not be retrieved. It could be because a worker has died.
  UserWarning)
/home/adavari/python-installation/ENTER/lib/python3.7/site-packages/keras/utils/data_utils.py:610: UserWarning: The input 2439 could not be retrieved. It could be because a worker has died.
  UserWarning)
/home/adavari/python-installation/ENTER/lib/python3.7/site-packages/keras/utils/data_utils.py:610: UserWarning: The input 2467 could not be retrieved. It could be because a worker has died.
  UserWarning)
multiprocessing.pool.RemoteTraceback: 
"""
Traceback (most recent call last):
  File "/home/adavari/python-installation/ENTER/lib/python3.7/multiprocessing/pool.py", line 121, in worker
    result = (True, func(*args, **kwds))
  File "/home/adavari/python-installation/ENTER/lib/python3.7/site-packages/keras/utils/data_utils.py", line 406, in get_index
    return _SHARED_SEQUENCES[uid][i]
  File "/oasis/projects/nsf/brn113/adavari/Documents/GitHub/synthesizability-predictor/ver1/samplegenerator.py", line 76, in __getitem__
    util.data_mat = load_var(requested_file)
  File "/oasis/projects/nsf/brn113/adavari/Documents/GitHub/synthesizability-predictor/ver1/utility/util_general.py", line 120, in load_var
    out = np.load(filename)
  File "/home/adavari/python-installation/ENTER/lib/python3.7/site-packages/numpy/lib/npyio.py", line 438, in load
    pickle_kwargs=pickle_kwargs)
  File "/home/adavari/python-installation/ENTER/lib/python3.7/site-packages/numpy/lib/npyio.py", line 193, in __init__
    _zip = zipfile_factory(fid)
  File "/home/adavari/python-installation/ENTER/lib/python3.7/site-packages/numpy/lib/npyio.py", line 119, in zipfile_factory
    return zipfile.ZipFile(file, *args, **kwargs)
  File "/home/adavari/python-installation/ENTER/lib/python3.7/zipfile.py", line 1222, in __init__
    self._RealGetContents()
  File "/home/adavari/python-installation/ENTER/lib/python3.7/zipfile.py", line 1289, in _RealGetContents
    raise BadZipFile("File is not a zip file")
zipfile.BadZipFile: File is not a zip file
"""

The above exception was the direct cause of the following exception:

Traceback (most recent call last):
  File "feature_extraction.py", line 115, in <module>
    
  File "feature_extraction.py", line 95, in whole_dataset_feature_extraction
    x_features = feature_extraction(generator=generator, run=run, auto_encoder=auto_encoder)
  File "feature_extraction.py", line 57, in feature_extraction
    verbose=verbose,
  File "/home/adavari/python-installation/ENTER/lib/python3.7/site-packages/keras/legacy/interfaces.py", line 91, in wrapper
    return func(*args, **kwargs)
  File "/home/adavari/python-installation/ENTER/lib/python3.7/site-packages/keras/engine/training.py", line 1772, in predict_generator
    verbose=verbose)
  File "/home/adavari/python-installation/ENTER/lib/python3.7/site-packages/keras/engine/training_generator.py", line 480, in predict_generator
    generator_output = next(output_generator)
  File "/home/adavari/python-installation/ENTER/lib/python3.7/site-packages/keras/utils/data_utils.py", line 616, in get
    six.reraise(*sys.exc_info())
  File "/home/adavari/python-installation/ENTER/lib/python3.7/site-packages/six.py", line 693, in reraise
    raise value
  File "/home/adavari/python-installation/ENTER/lib/python3.7/site-packages/keras/utils/data_utils.py", line 603, in get
    inputs = future.get(timeout=30)
  File "/home/adavari/python-installation/ENTER/lib/python3.7/multiprocessing/pool.py", line 657, in get
    raise self._value
zipfile.BadZipFile: File is not a zip file
